<?xml version="1.0" encoding="UTF-8"?>
<!-- Generated by org.testng.reporters.JUnitReportReporter -->
<testsuite hostname="ojt10-PC" name="driverScript.AppTest" tests="1" failures="0" timestamp="20 Feb 2020 04:13:20 GMT" time="68.835" errors="0">
  <testcase name="f" time="68.835" classname="driverScript.AppTest"/>
</testsuite> <!-- driverScript.AppTest -->
